{
  "stats": {
    "suites": 1,
    "tests": 1,
    "passes": 0,
    "pending": 0,
    "failures": 1,
    "start": "2020-06-02T11:09:23.941Z",
    "end": "2020-06-02T11:09:40.890Z",
    "duration": 16949,
    "testsRegistered": 1,
    "passPercent": 0,
    "pendingPercent": 0,
    "other": 0,
    "hasOther": false,
    "skipped": 0,
    "hasSkipped": false
  },
  "results": [
    {
      "uuid": "1202ba89-4b20-4b80-b301-5c3472f6fd7c",
      "title": "",
      "fullFile": "cypress/integration/smoke/TC02_RadioButtons.spec.js",
      "file": "cypress/integration/smoke/TC02_RadioButtons.spec.js",
      "beforeHooks": [],
      "afterHooks": [],
      "tests": [],
      "suites": [
        {
          "uuid": "65abfcca-9c18-413c-845e-cd09967370bf",
          "title": "Basic UI Elements",
          "fullFile": "",
          "file": "",
          "beforeHooks": [],
          "afterHooks": [],
          "tests": [
            {
              "title": "Radio Buttons",
              "fullTitle": "Basic UI Elements Radio Buttons",
              "timedOut": null,
              "duration": 12994,
              "state": "failed",
              "speed": null,
              "pass": false,
              "fail": true,
              "pending": false,
              "context": null,
              "code": "cy.visit('http://demo.automationtesting.in/Register.html');\ncy.title().should('eq', 'Register');\ncy.get('input[value=\"Male\"]').should('not.be.checked').click();\ncy.get('input[value=\"FeMale\"]').should('not.be.checked').click();",
              "err": {
                "message": "Uncaught TypeError: Cannot read property '0' of undefined\n\nThis error originated from your application code, not from Cypress.\n\nWhen Cypress detects uncaught errors originating from your application it will automatically fail the current test.\n\nThis behavior is configurable, and you can choose to turn this off by listening to the `uncaught:exception` event.\n\nhttps://on.cypress.io/uncaught-exception-from-application",
                "estack": "Uncaught TypeError: Cannot read property '0' of undefined\n\nThis error originated from your application code, not from Cypress.\n\nWhen Cypress detects uncaught errors originating from your application it will automatically fail the current test.\n\nThis behavior is configurable, and you can choose to turn this off by listening to the `uncaught:exception` event.\n\nhttps://on.cypress.io/uncaught-exception-from-application\n    at http://demo.automationtesting.in/angcontroller.js:856:50",
                "diff": null
              },
              "uuid": "36d87104-3190-4e52-8f1f-fb5b5828f613",
              "parentUUID": "65abfcca-9c18-413c-845e-cd09967370bf",
              "isHook": false,
              "skipped": false
            }
          ],
          "suites": [],
          "passes": [],
          "failures": [
            "36d87104-3190-4e52-8f1f-fb5b5828f613"
          ],
          "pending": [],
          "skipped": [],
          "duration": 12994,
          "root": false,
          "rootEmpty": false,
          "_timeout": 2000
        }
      ],
      "passes": [],
      "failures": [],
      "pending": [],
      "skipped": [],
      "duration": 0,
      "root": true,
      "rootEmpty": true,
      "_timeout": 2000
    }
  ],
  "meta": {
    "mocha": {
      "version": "7.0.1"
    },
    "mochawesome": {
      "options": {
        "quiet": false,
        "reportFilename": "mochawesome",
        "saveHtml": false,
        "saveJson": true,
        "consoleReporter": "spec",
        "useInlineDiffs": false,
        "code": true
      },
      "version": "6.1.1"
    },
    "marge": {
      "options": {
        "id": "default",
        "reportDir": "cypress/reports/mocha",
        "quite": true,
        "overwrite": false,
        "html": false,
        "json": true
      },
      "version": "5.1.0"
    }
  }
}